<?xml version="1.0" encoding="UTF-8"?>
<testsuite xmlns:xsi="http://www.w3.org/2001/XMLSchema-instance" xsi:noNamespaceSchemaLocation="https://maven.apache.org/surefire/maven-surefire-plugin/xsd/surefire-test-report.xsd" version="3.0.2" name="com.visage.cloudstorage.integration.Services.UserServiceTest" time="2.342" tests="2" errors="0" skipped="0" failures="0">
  <properties>
[...]
</properties>
  <testcase name="getUsernameTest" classname="com.visage.cloudstorage.integration.Services.UserServiceTest" time="0.022">
    <system-out><![CDATA[2025-05-12T21:09:39.790+03:00  INFO 7464 --- [CloudStorage] [           main] t.c.s.AnnotationConfigContextLoaderUtils : Could not detect default configuration classes for test class [com.visage.cloudstorage.integration.Services.UserServiceTest]: UserServiceTest does not declare any static, non-private, non-final, nested classes annotated with @Configuration.
2025-05-12T21:09:39.804+03:00  INFO 7464 --- [CloudStorage] [           main] .b.t.c.SpringBootTestContextBootstrapper : Found @SpringBootConfiguration com.visage.cloudstorage.CloudStorageApplication for test class com.visage.cloudstorage.integration.Services.UserServiceTest
2025-05-12T21:09:39.805+03:00  INFO 7464 --- [CloudStorage] [           main] tc.postgres:latest                       : Creating container for image: postgres:latest
2025-05-12T21:09:39.880+03:00  INFO 7464 --- [CloudStorage] [           main] tc.postgres:latest                       : Container postgres:latest is starting: 166b9e39756a72b625d9e1597a313c040a1aa38c36e056b75e64de761d3d3100
2025-05-12T21:09:40.937+03:00  INFO 7464 --- [CloudStorage] [           main] tc.postgres:latest                       : Container postgres:latest started in PT1.1327339S
2025-05-12T21:09:40.938+03:00  INFO 7464 --- [CloudStorage] [           main] tc.postgres:latest                       : Container is started (JDBC URL: jdbc:postgresql://localhost:55216/test?loggerLevel=OFF)

  .   ____          _            __ _ _
 /\\ / ___'_ __ _ _(_)_ __  __ _ \ \ \ \
( ( )\___ | '_ | '_| | '_ \/ _` | \ \ \ \
 \\/  ___)| |_)| | | | | || (_| |  ) ) ) )
  '  |____| .__|_| |_|_| |_\__, | / / / /
 =========|_|==============|___/=/_/_/_/

 :: Spring Boot ::                (v3.4.4)

2025-05-12T21:09:40.970+03:00  INFO 7464 --- [CloudStorage] [           main] c.v.c.i.Services.UserServiceTest         : Starting UserServiceTest using Java 17.0.12 with PID 7464 (started by helovorld in C:\Users\helovorld\Desktop\PROJECT\CloudStorage)
2025-05-12T21:09:40.971+03:00  INFO 7464 --- [CloudStorage] [           main] c.v.c.i.Services.UserServiceTest         : The following 1 profile is active: "test"
2025-05-12T21:09:41.102+03:00  INFO 7464 --- [CloudStorage] [           main] .s.d.r.c.RepositoryConfigurationDelegate : Multiple Spring Data modules found, entering strict repository configuration mode
2025-05-12T21:09:41.102+03:00  INFO 7464 --- [CloudStorage] [           main] .s.d.r.c.RepositoryConfigurationDelegate : Bootstrapping Spring Data JPA repositories in DEFAULT mode.
2025-05-12T21:09:41.111+03:00  INFO 7464 --- [CloudStorage] [           main] .s.d.r.c.RepositoryConfigurationDelegate : Finished Spring Data repository scanning in 7 ms. Found 1 JPA repository interface.
2025-05-12T21:09:41.114+03:00  INFO 7464 --- [CloudStorage] [           main] .s.d.r.c.RepositoryConfigurationDelegate : Multiple Spring Data modules found, entering strict repository configuration mode
2025-05-12T21:09:41.114+03:00  INFO 7464 --- [CloudStorage] [           main] .s.d.r.c.RepositoryConfigurationDelegate : Bootstrapping Spring Data Redis repositories in DEFAULT mode.
2025-05-12T21:09:41.118+03:00  INFO 7464 --- [CloudStorage] [           main] .RepositoryConfigurationExtensionSupport : Spring Data Redis - Could not safely identify store assignment for repository candidate interface com.visage.cloudstorage.Repositories.UserRepository; If you want this repository to be a Redis repository, consider annotating your entities with one of these annotations: org.springframework.data.redis.core.RedisHash (preferred), or consider extending one of the following types with your repository: org.springframework.data.keyvalue.repository.KeyValueRepository
2025-05-12T21:09:41.118+03:00  INFO 7464 --- [CloudStorage] [           main] .s.d.r.c.RepositoryConfigurationDelegate : Finished Spring Data repository scanning in 2 ms. Found 0 Redis repository interfaces.
2025-05-12T21:09:41.268+03:00  INFO 7464 --- [CloudStorage] [           main] org.flywaydb.core.FlywayExecutor         : Database: jdbc:postgresql://localhost:55216/test?loggerLevel=OFF (PostgreSQL 17.5)
2025-05-12T21:09:41.280+03:00  INFO 7464 --- [CloudStorage] [           main] o.f.c.i.s.JdbcTableSchemaHistory         : Schema history table "public"."flyway_schema_history" does not exist yet
2025-05-12T21:09:41.281+03:00  INFO 7464 --- [CloudStorage] [           main] o.f.core.internal.command.DbValidate     : Successfully validated 1 migration (execution time 00:00.004s)
2025-05-12T21:09:41.291+03:00  INFO 7464 --- [CloudStorage] [           main] o.f.c.i.s.JdbcTableSchemaHistory         : Creating Schema History table "public"."flyway_schema_history" ...
2025-05-12T21:09:41.316+03:00  INFO 7464 --- [CloudStorage] [           main] o.f.core.internal.command.DbMigrate      : Current version of schema "public": << Empty Schema >>
2025-05-12T21:09:41.319+03:00  INFO 7464 --- [CloudStorage] [           main] o.f.core.internal.command.DbMigrate      : Migrating schema "public" to version "1 - Users"
2025-05-12T21:09:41.331+03:00  INFO 7464 --- [CloudStorage] [           main] o.f.core.internal.command.DbMigrate      : Successfully applied 1 migration to schema "public", now at version v1 (execution time 00:00.005s)
2025-05-12T21:09:41.343+03:00  INFO 7464 --- [CloudStorage] [           main] o.hibernate.jpa.internal.util.LogHelper  : HHH000204: Processing PersistenceUnitInfo [name: default]
2025-05-12T21:09:41.345+03:00  INFO 7464 --- [CloudStorage] [           main] o.h.c.internal.RegionFactoryInitiator    : HHH000026: Second-level cache disabled
2025-05-12T21:09:41.351+03:00  INFO 7464 --- [CloudStorage] [           main] o.s.o.j.p.SpringPersistenceUnitInfo      : No LoadTimeWeaver setup: ignoring JPA class transformer
2025-05-12T21:09:41.352+03:00  INFO 7464 --- [CloudStorage] [           main] com.zaxxer.hikari.HikariDataSource       : HikariPool-4 - Starting...
2025-05-12T21:09:41.363+03:00  INFO 7464 --- [CloudStorage] [           main] com.zaxxer.hikari.pool.HikariPool        : HikariPool-4 - Added connection org.postgresql.jdbc.PgConnection@31bfdc78
2025-05-12T21:09:41.363+03:00  INFO 7464 --- [CloudStorage] [           main] com.zaxxer.hikari.HikariDataSource       : HikariPool-4 - Start completed.
2025-05-12T21:09:41.368+03:00  INFO 7464 --- [CloudStorage] [           main] org.hibernate.orm.connections.pooling    : HHH10001005: Database info:
	Database JDBC URL [Connecting through datasource 'HikariDataSource (HikariPool-4)']
	Database driver: undefined/unknown
	Database version: 17.5
	Autocommit mode: undefined/unknown
	Isolation level: undefined/unknown
	Minimum pool size: undefined/unknown
	Maximum pool size: undefined/unknown
2025-05-12T21:09:41.395+03:00  INFO 7464 --- [CloudStorage] [           main] o.h.e.t.j.p.i.JtaPlatformInitiator       : HHH000489: No JTA platform available (set 'hibernate.transaction.jta.platform' to enable JTA platform integration)
2025-05-12T21:09:41.407+03:00  INFO 7464 --- [CloudStorage] [           main] j.LocalContainerEntityManagerFactoryBean : Initialized JPA EntityManagerFactory for persistence unit 'default'
2025-05-12T21:09:41.440+03:00  WARN 7464 --- [CloudStorage] [           main] JpaBaseConfiguration$JpaWebConfiguration : spring.jpa.open-in-view is enabled by default. Therefore, database queries may be performed during view rendering. Explicitly configure spring.jpa.open-in-view to disable this warning
2025-05-12T21:09:41.444+03:00  INFO 7464 --- [CloudStorage] [           main] eAuthenticationProviderManagerConfigurer : Global AuthenticationManager configured with AuthenticationProvider bean with name daoAuthenticationProvider
2025-05-12T21:09:41.509+03:00  INFO 7464 --- [CloudStorage] [           main] o.s.v.b.OptionalValidatorFactoryBean     : Failed to set up a Bean Validation provider: jakarta.validation.NoProviderFoundException: Unable to create a Configuration, because no Jakarta Bean Validation provider could be found. Add a provider like Hibernate Validator (RI) to your classpath.
2025-05-12T21:09:41.562+03:00  INFO 7464 --- [CloudStorage] [           main] c.v.c.i.Services.UserServiceTest         : Started UserServiceTest in 0.618 seconds (process running for 31.286)
Hibernate: select u1_0.id,u1_0.password,u1_0.role,u1_0.username from users u1_0
Hibernate: insert into users (password,role,username) values (?,?,?)
Hibernate: select u1_0.id,u1_0.password,u1_0.role,u1_0.username from users u1_0 where u1_0.username=?
]]></system-out>
  </testcase>
  <testcase name="shouldThrowUsernameNotFoundException_WhenUserDoesNotExist" classname="com.visage.cloudstorage.integration.Services.UserServiceTest" time="0.011">
    <system-out><![CDATA[Hibernate: select u1_0.id,u1_0.password,u1_0.role,u1_0.username from users u1_0
Hibernate: delete from users where id=?
Hibernate: select u1_0.id,u1_0.password,u1_0.role,u1_0.username from users u1_0 where u1_0.username=?
]]></system-out>
  </testcase>
</testsuite>