<?xml version="1.0" encoding="UTF-8"?>
<testsuite xmlns:xsi="http://www.w3.org/2001/XMLSchema-instance" xsi:noNamespaceSchemaLocation="https://maven.apache.org/surefire/maven-surefire-plugin/xsd/surefire-test-report.xsd" version="3.0.2" name="com.visage.cloudstorage.integration.Controllers.AuthControllerTest" time="18.224" tests="7" errors="0" skipped="0" failures="0">
  <properties>
[...]
</properties>
  <testcase name="shouldBeLoginAndCorrectUsernameAndPassword" classname="com.visage.cloudstorage.integration.Controllers.AuthControllerTest" time="1.193">
    <system-out><![CDATA[21:09:11.855 [main] INFO org.testcontainers.images.PullPolicy -- Image pull policy will be performed by: DefaultPullPolicy()
21:09:11.872 [main] INFO org.testcontainers.utility.ImageNameSubstitutor -- Image name substitution will be performed by: DefaultImageNameSubstitutor (composite of 'ConfigurationFileImageNameSubstitutor' and 'PrefixingImageNameSubstitutor')
21:09:11.986 [main] INFO org.testcontainers.DockerClientFactory -- Testcontainers version: 1.20.6
21:09:12.597 [main] INFO org.testcontainers.dockerclient.DockerClientProviderStrategy -- Loaded org.testcontainers.dockerclient.NpipeSocketClientProviderStrategy from ~/.testcontainers.properties, will try it first
21:09:12.987 [main] INFO org.testcontainers.dockerclient.DockerClientProviderStrategy -- Found Docker environment with local Npipe socket (npipe:////./pipe/docker_engine)
21:09:12.988 [main] INFO org.testcontainers.DockerClientFactory -- Docker host IP address is localhost
21:09:13.010 [main] INFO org.testcontainers.DockerClientFactory -- Connected to docker: 
  Server Version: 28.1.1
  API Version: 1.49
  Operating System: Docker Desktop
  Total Memory: 7828 MB
  Labels: 
    com.docker.desktop.address=npipe://\\.\pipe\docker_cli
21:09:13.117 [main] INFO tc.testcontainers/ryuk:0.11.0 -- Creating container for image: testcontainers/ryuk:0.11.0
21:09:13.474 [main] INFO tc.testcontainers/ryuk:0.11.0 -- Container testcontainers/ryuk:0.11.0 is starting: 1c034d04f815907347f84347f2da82aba48c0348a0a417c9583a8dbecb017deb
21:09:14.087 [main] INFO tc.testcontainers/ryuk:0.11.0 -- Container testcontainers/ryuk:0.11.0 started in PT0.9699S
21:09:14.097 [main] INFO org.testcontainers.utility.RyukResourceReaper -- Ryuk started - will monitor and terminate Testcontainers containers on JVM exit
21:09:14.097 [main] INFO org.testcontainers.DockerClientFactory -- Checking the system...
21:09:14.098 [main] INFO org.testcontainers.DockerClientFactory -- ?? Docker server version should be at least 1.6.0
21:09:14.099 [main] INFO tc.redis:latest -- Creating container for image: redis:latest
21:09:14.185 [main] INFO tc.redis:latest -- Container redis:latest is starting: 12224b5afe75a419d3c7bc553c7f4c53d992af901ff36689c96f3d77813ddf00
21:09:14.604 [main] INFO tc.redis:latest -- Container redis:latest started in PT0.5056338S
21:09:14.605 [main] INFO tc.postgres:latest -- Creating container for image: postgres:latest
21:09:14.698 [main] INFO tc.postgres:latest -- Container postgres:latest is starting: e17235d707dc07f895398c04ef822da0cb7a66a20b3b03affb12de016c4ba995
21:09:15.835 [main] INFO tc.postgres:latest -- Container postgres:latest started in PT1.2304752S
21:09:15.836 [main] INFO tc.postgres:latest -- Container is started (JDBC URL: jdbc:postgresql://localhost:55128/test?loggerLevel=OFF)
21:09:15.958 [main] INFO org.springframework.test.context.support.AnnotationConfigContextLoaderUtils -- Could not detect default configuration classes for test class [com.visage.cloudstorage.integration.Controllers.AuthControllerTest]: AuthControllerTest does not declare any static, non-private, non-final, nested classes annotated with @Configuration.
21:09:16.180 [main] INFO org.springframework.boot.test.context.SpringBootTestContextBootstrapper -- Found @SpringBootConfiguration com.visage.cloudstorage.CloudStorageApplication for test class com.visage.cloudstorage.integration.Controllers.AuthControllerTest

  .   ____          _            __ _ _
 /\\ / ___'_ __ _ _(_)_ __  __ _ \ \ \ \
( ( )\___ | '_ | '_| | '_ \/ _` | \ \ \ \
 \\/  ___)| |_)| | | | | || (_| |  ) ) ) )
  '  |____| .__|_| |_|_| |_\__, | / / / /
 =========|_|==============|___/=/_/_/_/

 :: Spring Boot ::                (v3.4.4)

2025-05-12T21:09:16.791+03:00  INFO 7464 --- [CloudStorage] [           main] c.v.c.i.Controllers.AuthControllerTest   : Starting AuthControllerTest using Java 17.0.12 with PID 7464 (started by helovorld in C:\Users\helovorld\Desktop\PROJECT\CloudStorage)
2025-05-12T21:09:16.792+03:00  INFO 7464 --- [CloudStorage] [           main] c.v.c.i.Controllers.AuthControllerTest   : The following 1 profile is active: "test"
2025-05-12T21:09:17.778+03:00  INFO 7464 --- [CloudStorage] [           main] .s.d.r.c.RepositoryConfigurationDelegate : Multiple Spring Data modules found, entering strict repository configuration mode
2025-05-12T21:09:17.780+03:00  INFO 7464 --- [CloudStorage] [           main] .s.d.r.c.RepositoryConfigurationDelegate : Bootstrapping Spring Data JPA repositories in DEFAULT mode.
2025-05-12T21:09:17.954+03:00  INFO 7464 --- [CloudStorage] [           main] .s.d.r.c.RepositoryConfigurationDelegate : Finished Spring Data repository scanning in 155 ms. Found 1 JPA repository interface.
2025-05-12T21:09:17.977+03:00  INFO 7464 --- [CloudStorage] [           main] .s.d.r.c.RepositoryConfigurationDelegate : Multiple Spring Data modules found, entering strict repository configuration mode
2025-05-12T21:09:17.979+03:00  INFO 7464 --- [CloudStorage] [           main] .s.d.r.c.RepositoryConfigurationDelegate : Bootstrapping Spring Data Redis repositories in DEFAULT mode.
2025-05-12T21:09:18.004+03:00  INFO 7464 --- [CloudStorage] [           main] .RepositoryConfigurationExtensionSupport : Spring Data Redis - Could not safely identify store assignment for repository candidate interface com.visage.cloudstorage.Repositories.UserRepository; If you want this repository to be a Redis repository, consider annotating your entities with one of these annotations: org.springframework.data.redis.core.RedisHash (preferred), or consider extending one of the following types with your repository: org.springframework.data.keyvalue.repository.KeyValueRepository
2025-05-12T21:09:18.004+03:00  INFO 7464 --- [CloudStorage] [           main] .s.d.r.c.RepositoryConfigurationDelegate : Finished Spring Data repository scanning in 8 ms. Found 0 Redis repository interfaces.
2025-05-12T21:09:21.173+03:00  INFO 7464 --- [CloudStorage] [           main] org.flywaydb.core.FlywayExecutor         : Database: jdbc:postgresql://localhost:55128/test?loggerLevel=OFF (PostgreSQL 17.5)
2025-05-12T21:09:21.291+03:00  INFO 7464 --- [CloudStorage] [           main] o.f.c.i.s.JdbcTableSchemaHistory         : Schema history table "public"."flyway_schema_history" does not exist yet
2025-05-12T21:09:21.304+03:00  INFO 7464 --- [CloudStorage] [           main] o.f.core.internal.command.DbValidate     : Successfully validated 1 migration (execution time 00:00.058s)
2025-05-12T21:09:21.335+03:00  INFO 7464 --- [CloudStorage] [           main] o.f.c.i.s.JdbcTableSchemaHistory         : Creating Schema History table "public"."flyway_schema_history" ...
2025-05-12T21:09:21.467+03:00  INFO 7464 --- [CloudStorage] [           main] o.f.core.internal.command.DbMigrate      : Current version of schema "public": << Empty Schema >>
2025-05-12T21:09:21.487+03:00  INFO 7464 --- [CloudStorage] [           main] o.f.core.internal.command.DbMigrate      : Migrating schema "public" to version "1 - Users"
2025-05-12T21:09:21.565+03:00  INFO 7464 --- [CloudStorage] [           main] o.f.core.internal.command.DbMigrate      : Successfully applied 1 migration to schema "public", now at version v1 (execution time 00:00.014s)
2025-05-12T21:09:21.820+03:00  INFO 7464 --- [CloudStorage] [           main] o.hibernate.jpa.internal.util.LogHelper  : HHH000204: Processing PersistenceUnitInfo [name: default]
2025-05-12T21:09:21.973+03:00  INFO 7464 --- [CloudStorage] [           main] org.hibernate.Version                    : HHH000412: Hibernate ORM core version 6.6.11.Final
2025-05-12T21:09:22.104+03:00  INFO 7464 --- [CloudStorage] [           main] o.h.c.internal.RegionFactoryInitiator    : HHH000026: Second-level cache disabled
2025-05-12T21:09:22.538+03:00  INFO 7464 --- [CloudStorage] [           main] o.s.o.j.p.SpringPersistenceUnitInfo      : No LoadTimeWeaver setup: ignoring JPA class transformer
2025-05-12T21:09:22.622+03:00  INFO 7464 --- [CloudStorage] [           main] com.zaxxer.hikari.HikariDataSource       : HikariPool-1 - Starting...
2025-05-12T21:09:22.694+03:00  INFO 7464 --- [CloudStorage] [           main] com.zaxxer.hikari.pool.HikariPool        : HikariPool-1 - Added connection org.postgresql.jdbc.PgConnection@3e9c1840
2025-05-12T21:09:22.701+03:00  INFO 7464 --- [CloudStorage] [           main] com.zaxxer.hikari.HikariDataSource       : HikariPool-1 - Start completed.
2025-05-12T21:09:22.897+03:00  INFO 7464 --- [CloudStorage] [           main] org.hibernate.orm.connections.pooling    : HHH10001005: Database info:
	Database JDBC URL [Connecting through datasource 'HikariDataSource (HikariPool-1)']
	Database driver: undefined/unknown
	Database version: 17.5
	Autocommit mode: undefined/unknown
	Isolation level: undefined/unknown
	Minimum pool size: undefined/unknown
	Maximum pool size: undefined/unknown
2025-05-12T21:09:24.288+03:00  INFO 7464 --- [CloudStorage] [           main] o.h.e.t.j.p.i.JtaPlatformInitiator       : HHH000489: No JTA platform available (set 'hibernate.transaction.jta.platform' to enable JTA platform integration)
2025-05-12T21:09:24.340+03:00  INFO 7464 --- [CloudStorage] [           main] j.LocalContainerEntityManagerFactoryBean : Initialized JPA EntityManagerFactory for persistence unit 'default'
2025-05-12T21:09:25.174+03:00  WARN 7464 --- [CloudStorage] [           main] JpaBaseConfiguration$JpaWebConfiguration : spring.jpa.open-in-view is enabled by default. Therefore, database queries may be performed during view rendering. Explicitly configure spring.jpa.open-in-view to disable this warning
2025-05-12T21:09:25.207+03:00  INFO 7464 --- [CloudStorage] [           main] eAuthenticationProviderManagerConfigurer : Global AuthenticationManager configured with AuthenticationProvider bean with name daoAuthenticationProvider
2025-05-12T21:09:25.983+03:00  INFO 7464 --- [CloudStorage] [           main] o.s.v.b.OptionalValidatorFactoryBean     : Failed to set up a Bean Validation provider: jakarta.validation.NoProviderFoundException: Unable to create a Configuration, because no Jakarta Bean Validation provider could be found. Add a provider like Hibernate Validator (RI) to your classpath.
2025-05-12T21:09:26.838+03:00  INFO 7464 --- [CloudStorage] [           main] o.s.b.t.m.w.SpringBootMockServletContext : Initializing Spring TestDispatcherServlet ''
2025-05-12T21:09:26.838+03:00  INFO 7464 --- [CloudStorage] [           main] o.s.t.web.servlet.TestDispatcherServlet  : Initializing Servlet ''
2025-05-12T21:09:26.839+03:00  INFO 7464 --- [CloudStorage] [           main] o.s.t.web.servlet.TestDispatcherServlet  : Completed initialization in 0 ms
2025-05-12T21:09:26.882+03:00  INFO 7464 --- [CloudStorage] [           main] c.v.c.i.Controllers.AuthControllerTest   : Started AuthControllerTest in 10.491 seconds (process running for 16.606)
Hibernate: select u1_0.id,u1_0.password,u1_0.role,u1_0.username from users u1_0
Hibernate: insert into users (password,role,username) values (?,?,?)
Hibernate: select u1_0.id,u1_0.password,u1_0.role,u1_0.username from users u1_0 where u1_0.username=?
Hibernate: select u1_0.id,u1_0.password,u1_0.role,u1_0.username from users u1_0 where u1_0.username=?
]]></system-out>
  </testcase>
  <testcase name="shouldBeLoginAndNotCorrectAuth" classname="com.visage.cloudstorage.integration.Controllers.AuthControllerTest" time="0.102">
    <system-out><![CDATA[Hibernate: select u1_0.id,u1_0.password,u1_0.role,u1_0.username from users u1_0
Hibernate: delete from users where id=?
Hibernate: insert into users (password,role,username) values (?,?,?)
Hibernate: select u1_0.id,u1_0.password,u1_0.role,u1_0.username from users u1_0 where u1_0.username=?
]]></system-out>
  </testcase>
  <testcase name="shouldBeLoginAndNotCorrectLoginAndCorrectPassword" classname="com.visage.cloudstorage.integration.Controllers.AuthControllerTest" time="0.165">
    <system-out><![CDATA[Hibernate: select u1_0.id,u1_0.password,u1_0.role,u1_0.username from users u1_0
Hibernate: delete from users where id=?
Hibernate: insert into users (password,role,username) values (?,?,?)
Hibernate: select u1_0.id,u1_0.password,u1_0.role,u1_0.username from users u1_0 where u1_0.username=?
Hibernate: select u1_0.id,u1_0.password,u1_0.role,u1_0.username from users u1_0 where u1_0.username=?
]]></system-out>
  </testcase>
  <testcase name="shouldBeRegisterAndCorrectSaveUserInDB" classname="com.visage.cloudstorage.integration.Controllers.AuthControllerTest" time="0.176">
    <system-out><![CDATA[Hibernate: select u1_0.id,u1_0.password,u1_0.role,u1_0.username from users u1_0
Hibernate: delete from users where id=?
Hibernate: insert into users (password,role,username) values (?,?,?)
Hibernate: select u1_0.id,u1_0.password,u1_0.role,u1_0.username from users u1_0 where u1_0.username=?
Hibernate: select u1_0.id,u1_0.password,u1_0.role,u1_0.username from users u1_0 where u1_0.username=?
]]></system-out>
  </testcase>
  <testcase name="shouldBeOutIsCorrect" classname="com.visage.cloudstorage.integration.Controllers.AuthControllerTest" time="0.05">
    <system-out><![CDATA[Hibernate: select u1_0.id,u1_0.password,u1_0.role,u1_0.username from users u1_0
Hibernate: delete from users where id=?
]]></system-out>
  </testcase>
  <testcase name="shouldBeLoginAndCorrectLoginAndNotCorrectPassword" classname="com.visage.cloudstorage.integration.Controllers.AuthControllerTest" time="0.02">
    <system-out><![CDATA[Hibernate: select u1_0.id,u1_0.password,u1_0.role,u1_0.username from users u1_0
Hibernate: insert into users (password,role,username) values (?,?,?)
Hibernate: select u1_0.id,u1_0.password,u1_0.role,u1_0.username from users u1_0 where u1_0.username=?
2025-05-12T21:09:28.616+03:00  WARN 7464 --- [CloudStorage] [           main] o.s.s.c.bcrypt.BCryptPasswordEncoder     : Encoded password does not look like BCrypt
Hibernate: select u1_0.id,u1_0.password,u1_0.role,u1_0.username from users u1_0 where u1_0.username=?
]]></system-out>
  </testcase>
  <testcase name="shouldBeRegisterAndCorrectSaveUserInDBAndNotCorrectUsername" classname="com.visage.cloudstorage.integration.Controllers.AuthControllerTest" time="0.084">
    <system-out><![CDATA[Hibernate: select u1_0.id,u1_0.password,u1_0.role,u1_0.username from users u1_0
Hibernate: delete from users where id=?
Hibernate: insert into users (password,role,username) values (?,?,?)
Hibernate: select u1_0.id,u1_0.password,u1_0.role,u1_0.username from users u1_0 where u1_0.username=?
]]></system-out>
  </testcase>
</testsuite>