<?xml version="1.0" encoding="UTF-8"?>
<testsuite xmlns:xsi="http://www.w3.org/2001/XMLSchema-instance" xsi:noNamespaceSchemaLocation="https://maven.apache.org/surefire/maven-surefire-plugin/xsd/surefire-test-report.xsd" version="3.0.2" name="com.visage.cloudstorage.unit.Services.UserServiceTest" time="0.178" tests="2" errors="0" skipped="0" failures="0">
  <properties>
[...]
</properties>
  <testcase name="shouldReturnUserDetailsWhenUserExists" classname="com.visage.cloudstorage.unit.Services.UserServiceTest" time="0.174"/>
  <testcase name="shouldBeReturnUserDetailsWhenUserNotExist" classname="com.visage.cloudstorage.unit.Services.UserServiceTest" time="0.003"/>
</testsuite>